?? 13, 2014 9:09:44 ?? org.apache.catalina.core.AprLifecycleListener init
INFO: The APR based Apache Tomcat Native library which allows optimal performance in production environments was not found on the java.library.path: /Users/loki/Library/Java/Extensions:/Library/Java/Extensions:/Network/Library/Java/Extensions:/System/Library/Java/Extensions:/usr/lib/java:.
?? 13, 2014 9:09:44 ?? org.apache.tomcat.util.digester.SetPropertiesRule begin
WARNING: [SetPropertiesRule]{Server/Service/Engine/Host/Context} Setting property 'source' to 'org.eclipse.jst.jee.server:stateless-session' did not find a matching property.
?? 13, 2014 9:09:44 ?? org.apache.coyote.AbstractProtocol init
INFO: Initializing ProtocolHandler ["http-bio-8686"]
?? 13, 2014 9:09:45 ?? org.apache.coyote.AbstractProtocol init
INFO: Initializing ProtocolHandler ["ajp-bio-8609"]
?? 13, 2014 9:09:45 ?? org.apache.catalina.startup.Catalina load
INFO: Initialization processed in 981 ms
?? 13, 2014 9:09:45 ?? org.apache.catalina.core.StandardService startInternal
INFO: Starting service Catalina
?? 13, 2014 9:09:45 ?? org.apache.catalina.core.StandardEngine startInternal
INFO: Starting Servlet Engine: Apache Tomcat/7.0.42
?? 13, 2014 9:09:54 ?? org.apache.catalina.startup.HostConfig deployWAR
INFO: Deploying web application archive /Users/loki/git/stateless-session/server/webapps/cargocpc.war
?? 13, 2014 9:09:54 ?? org.apache.coyote.AbstractProtocol start
INFO: Starting ProtocolHandler ["http-bio-8686"]
?? 13, 2014 9:09:54 ?? org.apache.coyote.AbstractProtocol start
INFO: Starting ProtocolHandler ["ajp-bio-8609"]
?? 13, 2014 9:09:54 ?? org.apache.catalina.startup.Catalina start
INFO: Server startup in 9945 ms
