21:09:48.255,Root WebApplicationContext: initialization started
21:09:48.521,Refreshing Root WebApplicationContext: startup date [Sat Sep 13 21:09:48 CST 2014]; root of context hierarchy
21:09:48.615,Loading XML bean definitions from ServletContext resource [/WEB-INF/stateless-session-context.xml]
21:09:49.027,Loading XML bean definitions from ServletContext resource [/WEB-INF/stateless-session-placeholder.xml]
21:09:49.092,Loading XML bean definitions from ServletContext resource [/WEB-INF/stateless-session-security.xml]
21:09:49.187,You are running with Spring Security Core 3.2.5.RELEASE
21:09:49.194,Spring Security 'config' module version is 3.2.5.RELEASE
21:09:49.309,Checking sorted filter chain: [Root bean: class [org.springframework.security.web.context.SecurityContextPersistenceFilter]; scope=; abstract=false; lazyInit=false; autowireMode=0; dependencyCheck=0; autowireCandidate=true; primary=false; factoryBeanName=null; factoryMethodName=null; initMethodName=null; destroyMethodName=null, order = 200, Root bean: class [org.springframework.security.web.context.request.async.WebAsyncManagerIntegrationFilter]; scope=; abstract=false; lazyInit=false; autowireMode=0; dependencyCheck=0; autowireCandidate=true; primary=false; factoryBeanName=null; factoryMethodName=null; initMethodName=null; destroyMethodName=null, order = 400, Root bean: class [org.springframework.security.web.authentication.logout.LogoutFilter]; scope=; abstract=false; lazyInit=false; autowireMode=0; dependencyCheck=0; autowireCandidate=true; primary=false; factoryBeanName=null; factoryMethodName=null; initMethodName=null; destroyMethodName=null, order = 700, <cookieSessionFilter>, order = 900, <org.springframework.security.web.authentication.UsernamePasswordAuthenticationFilter#0>, order = 1100, Root bean: class [org.springframework.security.web.authentication.www.BasicAuthenticationFilter]; scope=; abstract=false; lazyInit=false; autowireMode=0; dependencyCheck=0; autowireCandidate=true; primary=false; factoryBeanName=null; factoryMethodName=null; initMethodName=null; destroyMethodName=null, order = 1500, Root bean: class [org.springframework.security.web.servletapi.SecurityContextHolderAwareRequestFilter]; scope=; abstract=false; lazyInit=false; autowireMode=0; dependencyCheck=0; autowireCandidate=true; primary=false; factoryBeanName=null; factoryMethodName=null; initMethodName=null; destroyMethodName=null, order = 1700, Root bean: class [org.springframework.security.web.authentication.AnonymousAuthenticationFilter]; scope=; abstract=false; lazyInit=false; autowireMode=0; dependencyCheck=0; autowireCandidate=true; primary=false; factoryBeanName=null; factoryMethodName=null; initMethodName=null; destroyMethodName=null, order = 2000, Root bean: class [org.springframework.security.web.access.ExceptionTranslationFilter]; scope=; abstract=false; lazyInit=false; autowireMode=0; dependencyCheck=0; autowireCandidate=true; primary=false; factoryBeanName=null; factoryMethodName=null; initMethodName=null; destroyMethodName=null, order = 2200, <org.springframework.security.web.access.intercept.FilterSecurityInterceptor#0>, order = 2300]
21:09:49.924,Loading properties file from URL [file:/Users/loki/git/stateless-session/server/../data-config/stateless-session.properties]
21:09:50.160,Building JPA container EntityManagerFactory for persistence unit 'default'
21:09:52.904,Mapped "{[/auth],methods=[GET],params=[],headers=[],consumes=[],produces=[],custom=[]}" onto public java.lang.String com.sgdevblog.controller.AuthenticationController.landing(javax.servlet.http.HttpServletRequest,javax.servlet.http.HttpServletResponse)
21:09:52.904,Mapped "{[/auth/login],methods=[POST || GET],params=[],headers=[],consumes=[],produces=[],custom=[]}" onto public java.lang.String com.sgdevblog.controller.AuthenticationController.login(java.lang.String,java.lang.String,java.lang.String) throws java.io.IOException
21:09:52.905,Mapped "{[/auth/logout],methods=[GET],params=[],headers=[],consumes=[],produces=[],custom=[]}" onto public java.lang.String com.sgdevblog.controller.AuthenticationController.logout(javax.servlet.http.HttpServletRequest,javax.servlet.http.HttpServletResponse)
21:09:53.794,Detected @ExceptionHandler methods in globalControllerAdvice
21:09:54.575,Creating filter chain: org.springframework.security.web.util.matcher.AnyRequestMatcher@1, [org.springframework.security.web.context.SecurityContextPersistenceFilter@5401e854, org.springframework.security.web.context.request.async.WebAsyncManagerIntegrationFilter@2d39b187, org.springframework.security.web.authentication.logout.LogoutFilter@139ac393, com.sgdevblog.security.CookieSessionFilter@70e19b5d, org.springframework.security.web.authentication.UsernamePasswordAuthenticationFilter@2bf98e5d, org.springframework.security.web.authentication.www.BasicAuthenticationFilter@4b2ca72c, org.springframework.security.web.servletapi.SecurityContextHolderAwareRequestFilter@eef6381, org.springframework.security.web.authentication.AnonymousAuthenticationFilter@72283a72, org.springframework.security.web.access.ExceptionTranslationFilter@15c4d90c, org.springframework.security.web.access.intercept.FilterSecurityInterceptor@3b7f095f]
21:09:54.602,Checking whether login URL '/auth/login' is accessible with your configuration
21:09:54.648,Mapped URL path [/**] onto handler 'org.springframework.web.servlet.resource.ResourceHttpRequestHandler#0'
21:09:54.765,Root WebApplicationContext: initialization completed in 6509 ms
21:09:57.988,FrameworkServlet 'stateless-session': initialization started
21:09:57.995,Refreshing WebApplicationContext for namespace 'stateless-session-servlet': startup date [Sat Sep 13 21:09:57 CST 2014]; parent: Root WebApplicationContext
21:09:57.996,Loading XML bean definitions from ServletContext resource [/WEB-INF/stateless-session-servlet.xml]
21:09:58.098,FrameworkServlet 'stateless-session': initialization completed in 109 ms
21:10:40.605,ResourceBundle [messages] not found for MessageSource: Can't find bundle for base name messages, locale en_US
21:11:28.648,ResourceBundle [messages] not found for MessageSource: Can't find bundle for base name messages, locale en_US
21:11:43.089,ResourceBundle [messages] not found for MessageSource: Can't find bundle for base name messages, locale en_US
21:11:56.952,ResourceBundle [messages] not found for MessageSource: Can't find bundle for base name messages, locale en_US
21:12:05.208,ResourceBundle [messages] not found for MessageSource: Can't find bundle for base name messages, locale en_US
